<?xml version="1.0" encoding="UTF-8"?>
<!-- Generated by org.testng.reporters.JUnitXMLReporter -->
<testsuite ignored="0" hostname="DESKTOP-STUVUJG" failures="0" tests="4" name="Add Customer Test" time="13.135" errors="0" timestamp="15 Mar 2020 14:23:42 GMT">
  <testcase classname="com.w2a.testcases.AddCustomerTest" name="addCustomerTest" time="6.565"/>
  <testcase classname="com.w2a.testcases.AddCustomerTest" name="addCustomerTest" time="0.0">
    <skipped/>
  </testcase> <!-- addCustomerTest -->
  <testcase classname="com.w2a.testcases.AddCustomerTest" name="addCustomerTest" time="6.272"/>
  <testcase classname="com.w2a.testcases.AddCustomerTest" name="addCustomerTest" time="0.001">
    <skipped/>
  </testcase> <!-- addCustomerTest -->
</testsuite> <!-- Add Customer Test -->
