<?xml version="1.0" encoding="UTF-8"?>
<!-- Generated by org.testng.reporters.JUnitXMLReporter -->
<testsuite ignored="0" hostname="DESKTOP-STUVUJG" failures="1" tests="1" name="Bank Manager Login Test" time="4.83" errors="0" timestamp="14 Mar 2020 14:16:46 GMT">
  <testcase classname="com.w2a.testcases.BankManagerLoginTest" name="loginAsBankManager" time="3.904">
    <failure type="java.lang.AssertionError" message="Login Not Successful">
      <![CDATA[java.lang.AssertionError: Login Not Successful
at com.w2a.testcases.BankManagerLoginTest.loginAsBankManager(BankManagerLoginTest.java:27)
... Removed 29 stack frames]]>
    </failure>
  </testcase> <!-- loginAsBankManager -->
</testsuite> <!-- Bank Manager Login Test -->
