<?xml version="1.0" encoding="UTF-8"?>
<testng-results ignored="0" total="6" passed="4" failed="0" skipped="2">
  <reporter-output>
    <line>
      <![CDATA[<br>Verification Failure : expected [abc] but found [xyz]<br>]]>
    </line>
    <line>
      <![CDATA[<a target="_blank" href=Sun_Mar_22_15_52_41_IST_2020.jpg><img src=Sun_Mar_22_15_52_41_IST_2020.jpg height=200 width=200></img></a>]]>
    </line>
    <line>
      <![CDATA[<br>]]>
    </line>
    <line>
      <![CDATA[<br>]]>
    </line>
  </reporter-output>
  <suite started-at="2020-03-22T10:22:41Z" name="Data Driven Basics" finished-at="2020-03-22T10:23:05Z" duration-ms="24484">
    <groups>
    </groups>
    <test started-at="2020-03-22T10:22:41Z" name="Bank Manager Login Test" finished-at="2020-03-22T10:22:45Z" duration-ms="4514">
      <class name="com.w2a.testcases.BankManagerLoginTest">
        <test-method signature="bankManagerLoginTest()[pri:0, instance:com.w2a.testcases.BankManagerLoginTest@43b9fd5]" started-at="2020-03-22T10:22:41Z" name="bankManagerLoginTest" finished-at="2020-03-22T10:22:45Z" duration-ms="4062" status="PASS">
          <reporter-output>
            <line>
              <![CDATA[<br>Verification Failure : expected [abc] but found [xyz]<br>]]>
            </line>
            <line>
              <![CDATA[<a target="_blank" href=Sun_Mar_22_15_52_41_IST_2020.jpg><img src=Sun_Mar_22_15_52_41_IST_2020.jpg height=200 width=200></img></a>]]>
            </line>
            <line>
              <![CDATA[<br>]]>
            </line>
            <line>
              <![CDATA[<br>]]>
            </line>
          </reporter-output>
        </test-method> <!-- bankManagerLoginTest -->
      </class> <!-- com.w2a.testcases.BankManagerLoginTest -->
    </test> <!-- Bank Manager Login Test -->
    <test started-at="2020-03-22T10:22:45Z" name="Add Customer Test" finished-at="2020-03-22T10:22:58Z" duration-ms="13112">
      <class name="com.w2a.testcases.AddCustomerTest">
        <test-method signature="addCustomerTest(java.util.Hashtable)[pri:0, instance:com.w2a.testcases.AddCustomerTest@6f44a157]" started-at="2020-03-22T10:22:45Z" name="addCustomerTest" data-provider="dp" finished-at="2020-03-22T10:22:52Z" duration-ms="6480" status="PASS">
          <params>
            <param index="0">
              <value>
                <![CDATA[{alerttext=Customer added successfully, postcode=35435.0, lastname=Arora, runmode=Y, firstname=Raman}]]>
              </value>
            </param>
          </params>
          <reporter-output>
          </reporter-output>
        </test-method> <!-- addCustomerTest -->
        <test-method signature="addCustomerTest(java.util.Hashtable)[pri:0, instance:com.w2a.testcases.AddCustomerTest@6f44a157]" started-at="2020-03-22T10:22:52Z" name="addCustomerTest" data-provider="dp" finished-at="2020-03-22T10:22:52Z" duration-ms="0" status="SKIP">
          <params>
            <param index="0">
              <value>
                <![CDATA[{alerttext=Customer added successfully, postcode=35435.0, lastname=Arora, runmode=N, firstname=Vishal}]]>
              </value>
            </param>
          </params>
          <exception class="org.testng.SkipException">
            <message>
              <![CDATA[Skipping the test case as the run mode for data is NO]]>
            </message>
            <full-stacktrace>
              <![CDATA[org.testng.SkipException: Skipping the test case as the run mode for data is NO
at com.w2a.testcases.AddCustomerTest.addCustomerTest(AddCustomerTest.java:23)
at java.base/jdk.internal.reflect.NativeMethodAccessorImpl.invoke0(Native Method)
at java.base/jdk.internal.reflect.NativeMethodAccessorImpl.invoke(NativeMethodAccessorImpl.java:62)
at java.base/jdk.internal.reflect.DelegatingMethodAccessorImpl.invoke(DelegatingMethodAccessorImpl.java:43)
at java.base/java.lang.reflect.Method.invoke(Method.java:567)
at org.testng.internal.MethodInvocationHelper.invokeMethod(MethodInvocationHelper.java:124)
at org.testng.internal.Invoker.invokeMethod(Invoker.java:583)
at org.testng.internal.Invoker.invokeTestMethod(Invoker.java:719)
at org.testng.internal.Invoker.invokeTestMethods(Invoker.java:989)
at org.testng.internal.TestMethodWorker.invokeTestMethods(TestMethodWorker.java:125)
at org.testng.internal.TestMethodWorker.run(TestMethodWorker.java:109)
at org.testng.TestRunner.privateRun(TestRunner.java:648)
at org.testng.TestRunner.run(TestRunner.java:505)
at org.testng.SuiteRunner.runTest(SuiteRunner.java:455)
at org.testng.SuiteRunner.runSequentially(SuiteRunner.java:450)
at org.testng.SuiteRunner.privateRun(SuiteRunner.java:415)
at org.testng.SuiteRunner.run(SuiteRunner.java:364)
at org.testng.SuiteRunnerWorker.runSuite(SuiteRunnerWorker.java:52)
at org.testng.SuiteRunnerWorker.run(SuiteRunnerWorker.java:84)
at org.testng.TestNG.runSuitesSequentially(TestNG.java:1208)
at org.testng.TestNG.runSuitesLocally(TestNG.java:1137)
at org.testng.TestNG.runSuites(TestNG.java:1049)
at org.testng.TestNG.run(TestNG.java:1017)
at org.apache.maven.surefire.testng.TestNGExecutor.run(TestNGExecutor.java:281)
at org.apache.maven.surefire.testng.TestNGXmlTestSuite.execute(TestNGXmlTestSuite.java:75)
at org.apache.maven.surefire.testng.TestNGProvider.invoke(TestNGProvider.java:121)
at org.apache.maven.surefire.booter.ForkedBooter.invokeProviderInSameClassLoader(ForkedBooter.java:290)
at org.apache.maven.surefire.booter.ForkedBooter.runSuitesInProcess(ForkedBooter.java:242)
at org.apache.maven.surefire.booter.ForkedBooter.main(ForkedBooter.java:121)
]]>
            </full-stacktrace>
          </exception> <!-- org.testng.SkipException -->
          <reporter-output>
          </reporter-output>
        </test-method> <!-- addCustomerTest -->
        <test-method signature="addCustomerTest(java.util.Hashtable)[pri:0, instance:com.w2a.testcases.AddCustomerTest@6f44a157]" started-at="2020-03-22T10:22:52Z" name="addCustomerTest" data-provider="dp" finished-at="2020-03-22T10:22:58Z" duration-ms="6353" status="PASS">
          <params>
            <param index="0">
              <value>
                <![CDATA[{alerttext=Customer added successfully, postcode=35435.0, lastname=Arora, runmode=Y, firstname=Soniya}]]>
              </value>
            </param>
          </params>
          <reporter-output>
          </reporter-output>
        </test-method> <!-- addCustomerTest -->
        <test-method signature="addCustomerTest(java.util.Hashtable)[pri:0, instance:com.w2a.testcases.AddCustomerTest@6f44a157]" started-at="2020-03-22T10:22:58Z" name="addCustomerTest" data-provider="dp" finished-at="2020-03-22T10:22:58Z" duration-ms="1" status="SKIP">
          <params>
            <param index="0">
              <value>
                <![CDATA[{alerttext=Customer added successfully, postcode=35435.0, lastname=Sehgal, runmode=N, firstname=Rohit}]]>
              </value>
            </param>
          </params>
          <exception class="org.testng.SkipException">
            <message>
              <![CDATA[Skipping the test case as the run mode for data is NO]]>
            </message>
            <full-stacktrace>
              <![CDATA[org.testng.SkipException: Skipping the test case as the run mode for data is NO
at com.w2a.testcases.AddCustomerTest.addCustomerTest(AddCustomerTest.java:23)
at java.base/jdk.internal.reflect.NativeMethodAccessorImpl.invoke0(Native Method)
at java.base/jdk.internal.reflect.NativeMethodAccessorImpl.invoke(NativeMethodAccessorImpl.java:62)
at java.base/jdk.internal.reflect.DelegatingMethodAccessorImpl.invoke(DelegatingMethodAccessorImpl.java:43)
at java.base/java.lang.reflect.Method.invoke(Method.java:567)
at org.testng.internal.MethodInvocationHelper.invokeMethod(MethodInvocationHelper.java:124)
at org.testng.internal.Invoker.invokeMethod(Invoker.java:583)
at org.testng.internal.Invoker.invokeTestMethod(Invoker.java:719)
at org.testng.internal.Invoker.invokeTestMethods(Invoker.java:989)
at org.testng.internal.TestMethodWorker.invokeTestMethods(TestMethodWorker.java:125)
at org.testng.internal.TestMethodWorker.run(TestMethodWorker.java:109)
at org.testng.TestRunner.privateRun(TestRunner.java:648)
at org.testng.TestRunner.run(TestRunner.java:505)
at org.testng.SuiteRunner.runTest(SuiteRunner.java:455)
at org.testng.SuiteRunner.runSequentially(SuiteRunner.java:450)
at org.testng.SuiteRunner.privateRun(SuiteRunner.java:415)
at org.testng.SuiteRunner.run(SuiteRunner.java:364)
at org.testng.SuiteRunnerWorker.runSuite(SuiteRunnerWorker.java:52)
at org.testng.SuiteRunnerWorker.run(SuiteRunnerWorker.java:84)
at org.testng.TestNG.runSuitesSequentially(TestNG.java:1208)
at org.testng.TestNG.runSuitesLocally(TestNG.java:1137)
at org.testng.TestNG.runSuites(TestNG.java:1049)
at org.testng.TestNG.run(TestNG.java:1017)
at org.apache.maven.surefire.testng.TestNGExecutor.run(TestNGExecutor.java:281)
at org.apache.maven.surefire.testng.TestNGXmlTestSuite.execute(TestNGXmlTestSuite.java:75)
at org.apache.maven.surefire.testng.TestNGProvider.invoke(TestNGProvider.java:121)
at org.apache.maven.surefire.booter.ForkedBooter.invokeProviderInSameClassLoader(ForkedBooter.java:290)
at org.apache.maven.surefire.booter.ForkedBooter.runSuitesInProcess(ForkedBooter.java:242)
at org.apache.maven.surefire.booter.ForkedBooter.main(ForkedBooter.java:121)
]]>
            </full-stacktrace>
          </exception> <!-- org.testng.SkipException -->
          <reporter-output>
          </reporter-output>
        </test-method> <!-- addCustomerTest -->
      </class> <!-- com.w2a.testcases.AddCustomerTest -->
    </test> <!-- Add Customer Test -->
    <test started-at="2020-03-22T10:22:58Z" name="Open Account Test" finished-at="2020-03-22T10:23:05Z" duration-ms="6826">
      <class name="com.w2a.testcases.OpenAccountTest">
        <test-method is-config="true" signature="setUp()[pri:0, instance:com.w2a.testcases.OpenAccountTest@36b4091c]" started-at="2020-03-22T10:22:30Z" name="setUp" finished-at="2020-03-22T10:22:41Z" duration-ms="11086" status="PASS">
          <reporter-output>
          </reporter-output>
        </test-method> <!-- setUp -->
        <test-method signature="openAccountTest(java.util.Hashtable)[pri:0, instance:com.w2a.testcases.OpenAccountTest@36b4091c]" started-at="2020-03-22T10:22:58Z" name="openAccountTest" data-provider="dp" finished-at="2020-03-22T10:23:05Z" duration-ms="6770" status="PASS">
          <params>
            <param index="0">
              <value>
                <![CDATA[{currency=Rupee, customer=Raman Arora}]]>
              </value>
            </param>
          </params>
          <reporter-output>
          </reporter-output>
        </test-method> <!-- openAccountTest -->
        <test-method is-config="true" signature="tearDown()[pri:0, instance:com.w2a.testcases.OpenAccountTest@36b4091c]" started-at="2020-03-22T10:23:05Z" name="tearDown" finished-at="2020-03-22T10:23:06Z" duration-ms="654" status="PASS">
          <reporter-output>
          </reporter-output>
        </test-method> <!-- tearDown -->
      </class> <!-- com.w2a.testcases.OpenAccountTest -->
    </test> <!-- Open Account Test -->
  </suite> <!-- Data Driven Basics -->
</testng-results>
