<?xml version="1.0" encoding="UTF-8"?>
<testsuite xmlns:xsi="http://www.w3.org/2001/XMLSchema-instance" xsi:schemaLocation="https://maven.apache.org/surefire/maven-surefire-plugin/xsd/surefire-test-report.xsd" name="TestSuite" time="21.815" tests="2" errors="0" skipped="0" failures="2">
  <properties>
[...]
</properties>
  <testcase name="loginAsBankManager" classname="com.w2a.testcases.BankManagerLoginTest" time="0.806">
    <failure message="Login Not Successful" type="java.lang.AssertionError">java.lang.AssertionError: Login Not Successful
	at com.w2a.testcases.BankManagerLoginTest.loginAsBankManager(BankManagerLoginTest.java:24)
</failure>
    <system-err><![CDATA[log4j:WARN No appenders could be found for logger (devpinoyLogger).
log4j:WARN Please initialize the log4j system properly.
log4j:WARN See http://logging.apache.org/log4j/1.2/faq.html#noconfig for more info.
Starting ChromeDriver 2.39.562718 (9a2698cba08cf5a471a29d30c8b3e12becabb0e9) on port 34091
Only local connections are allowed.
[1578926491.399][WARNING]: Timed out connecting to Chrome, retrying...
Jan 13, 2020 8:11:33 PM org.openqa.selenium.remote.ProtocolHandshake createSession
INFO: Detected dialect: OSS
[1578926498.444][WARNING]: Timed out connecting to Chrome, retrying...
]]></system-err>
  </testcase>
  <testcase name="addCustomer" classname="com.w2a.testcases.AddCustomerTest" time="6.749">
    <failure message="Add customer failed" type="java.lang.AssertionError">java.lang.AssertionError: Add customer failed
	at com.w2a.testcases.AddCustomerTest.addCustomer(AddCustomerTest.java:33)
</failure>
  </testcase>
</testsuite>