<?xml version="1.0" encoding="UTF-8"?>
<!-- Generated by org.testng.reporters.JUnitXMLReporter -->
<testsuite ignored="0" hostname="DESKTOP-STUVUJG" failures="1" tests="1" name="Bank Manager Login Test" time="0.264" errors="0" timestamp="06 Jan 2020 16:05:36 GMT">
  <testcase classname="com.w2a.testcases.BankManagerLoginTest" name="loginAsBankManager" time="0.231">
    <failure type="java.lang.AssertionError" message="Login Not Successful">
      <![CDATA[java.lang.AssertionError: Login Not Successful
at com.w2a.testcases.BankManagerLoginTest.loginAsBankManager(BankManagerLoginTest.java:24)
... Removed 26 stack frames]]>
    </failure>
  </testcase> <!-- loginAsBankManager -->
</testsuite> <!-- Bank Manager Login Test -->
