<?xml version="1.0" encoding="UTF-8"?>
<testsuite name="Add Customer Test"
           tests="4"
           failures="0"
           errors="0"
           skipped="2"
           time="12.838">
  <properties />
  
            <testcase name="addCustomerTest" time="0.0" classname="com.w2a.testcases.AddCustomerTest">
          <skipped />
    </testcase>
            <testcase name="addCustomerTest" time="0.0" classname="com.w2a.testcases.AddCustomerTest">
          <skipped />
    </testcase>
  
            <testcase name="addCustomerTest" time="6.565" classname="com.w2a.testcases.AddCustomerTest" />
                <testcase name="addCustomerTest" time="6.272" classname="com.w2a.testcases.AddCustomerTest" />
      
</testsuite>
